<?xml version="1.0" encoding="UTF-8"?>
<robot generator="Robot 7.4.2 (Python 3.14.5 on win32)" generated="2026-05-31T14:05:04.526202" rpa="false" schemaversion="5">
<suite id="s1" name="Login Test" source="C:\Users\vivek kumar\Desktop\qa-ci_cd learning\login_test.robot">
<test id="s1-t1" name="Login With Valid Credentials" line="8">
<kw name="Get Chrome Driver" owner="browser_driver">
<msg time="2026-05-31T14:05:04.976272" level="INFO">====== WebDriver manager ======</msg>
<msg time="2026-05-31T14:05:06.454195" level="INFO">Driver [C:\Users\vivek kumar\.wdm\drivers\chromedriver\win64\148.0.7778.178\chromedriver-win64/chromedriver.exe] found in cache by browser version</msg>
<msg time="2026-05-31T14:05:06.454583" level="INFO">${CHROMEDRIVER} = C:\Users\vivek kumar\.wdm\drivers\chromedriver\win64\148.0.7778.178\chromedriver-win64/chromedriver.exe</msg>
<var>${CHROMEDRIVER}</var>
<doc>Returns a compatible ChromeDriver executable path.</doc>
<status status="PASS" start="2026-05-31T14:05:04.975938" elapsed="1.478700"/>
</kw>
<kw name="Open Browser" owner="SeleniumLibrary">
<msg time="2026-05-31T14:05:06.455568" level="WARN">executable_path is being deprecated. Please use service to configure the driver's executable_path as per documentation.</msg>
<msg time="2026-05-31T14:05:06.455792" level="INFO">Opening browser 'chrome' to base url 'https://opensource-demo.orangehrmlive.com/web/index.php/auth/login'.</msg>
<arg>https://opensource-demo.orangehrmlive.com/web/index.php/auth/login</arg>
<arg>chrome</arg>
<arg>executable_path=${CHROMEDRIVER}</arg>
<doc>Opens a new browser instance to the optional ``url``.</doc>
<status status="PASS" start="2026-05-31T14:05:06.455173" elapsed="3.224439"/>
</kw>
<kw name="Sleep" owner="BuiltIn">
<msg time="2026-05-31T14:05:11.681481" level="INFO">Slept 2 seconds.</msg>
<arg>2s</arg>
<doc>Pauses the test executed for the given time.</doc>
<status status="PASS" start="2026-05-31T14:05:09.680189" elapsed="2.001645"/>
</kw>
<kw name="Input Text" owner="SeleniumLibrary">
<msg time="2026-05-31T14:05:11.684239" level="INFO">Typing text 'Admin' into text field 'xpath=//input[@placeholder='Username']'.</msg>
<arg>xpath=//input[@placeholder='Username']</arg>
<arg>Admin</arg>
<doc>Types the given ``text`` into the text field identified by ``locator``.</doc>
<status status="PASS" start="2026-05-31T14:05:11.682764" elapsed="0.094221"/>
</kw>
<kw name="Input Text" owner="SeleniumLibrary">
<msg time="2026-05-31T14:05:11.777990" level="INFO">Typing text 'admin123' into text field 'xpath=//input[@placeholder='Password']'.</msg>
<arg>xpath=//input[@placeholder='Password']</arg>
<arg>admin123</arg>
<doc>Types the given ``text`` into the text field identified by ``locator``.</doc>
<status status="PASS" start="2026-05-31T14:05:11.777544" elapsed="0.115058"/>
</kw>
<kw name="Click Button" owner="SeleniumLibrary">
<msg time="2026-05-31T14:05:11.893967" level="INFO">Clicking button 'xpath=//button[normalize-space()='Login']'.</msg>
<arg>xpath=//button[normalize-space()='Login']</arg>
<doc>Clicks the button identified by ``locator``.</doc>
<status status="PASS" start="2026-05-31T14:05:11.893530" elapsed="0.090944"/>
</kw>
<kw name="Sleep" owner="BuiltIn">
<msg time="2026-05-31T14:05:12.986246" level="INFO">Slept 1 second.</msg>
<arg>1s</arg>
<doc>Pauses the test executed for the given time.</doc>
<status status="PASS" start="2026-05-31T14:05:11.985024" elapsed="1.001388"/>
</kw>
<kw name="Wait Until Page Contains Element" owner="SeleniumLibrary">
<arg>xpath=//h6[normalize-space()='Dashboard']</arg>
<doc>Waits until the element ``locator`` appears on the current page.</doc>
<status status="PASS" start="2026-05-31T14:05:12.987010" elapsed="0.294454"/>
</kw>
<status status="PASS" start="2026-05-31T14:05:04.974599" elapsed="8.307337"/>
</test>
<status status="PASS" start="2026-05-31T14:05:04.527859" elapsed="8.755049"/>
</suite>
<statistics>
<total>
<stat pass="1" fail="0" skip="0">All Tests</stat>
</total>
<tag>
</tag>
<suite>
<stat name="Login Test" id="s1" pass="1" fail="0" skip="0">Login Test</stat>
</suite>
</statistics>
<errors>
<msg time="2026-05-31T14:05:06.455568" level="WARN">executable_path is being deprecated. Please use service to configure the driver's executable_path as per documentation.</msg>
</errors>
</robot>
